<?xml version="1.0" encoding="UTF-8"?>
<!-- Generated by org.testng.reporters.JUnitReportReporter -->
<testsuite skipped="0" hostname="DESKTOP-1MG24D2" name="com.vTiger.TestScripts.CreateCampaign" tests="1" failures="0" timestamp="17 Apr 2020 17:07:39 GMT" time="50.474" errors="0">
  <testcase name="createCampaign" time="50.474" classname="com.vTiger.TestScripts.CreateCampaign"/>
</testsuite> <!-- com.vTiger.TestScripts.CreateCampaign -->
