<?xml version="1.0" encoding="UTF-8"?>
<!-- Generated by org.testng.reporters.JUnitReportReporter -->
<testsuite skipped="0" hostname="DESKTOP-1MG24D2" name="com.vTiger.TestScripts.CreateVendorTest" tests="1" failures="0" timestamp="03 May 2020 18:02:21 GMT" time="34.171" errors="0">
  <testcase name="createVendor" time="34.171" classname="com.vTiger.TestScripts.CreateVendorTest"/>
</testsuite> <!-- com.vTiger.TestScripts.CreateVendorTest -->
