<?xml version="1.0" encoding="UTF-8"?>
<!-- Generated by org.testng.reporters.JUnitReportReporter -->
<testsuite skipped="0" hostname="DESKTOP-1MG24D2" name="com.vTiger.TestScripts.CreateCampaignTest" tests="1" failures="0" timestamp="03 May 2020 18:02:21 GMT" time="42.856" errors="0">
  <testcase name="createCampaign" time="42.856" classname="com.vTiger.TestScripts.CreateCampaignTest"/>
</testsuite> <!-- com.vTiger.TestScripts.CreateCampaignTest -->
